<?xml version="1.0" encoding="UTF-8"?>
<!-- Generated by org.testng.reporters.JUnitXMLReporter -->
<testsuite hostname="DESKTOP-EN20GK5" ignored="0" name="Default test" tests="3" failures="0" timestamp="29 Aug 2021 12:28:29 GMT" time="10.191" errors="0">
  <testcase name="PersonWhoPosted" time="0.013" classname="example.JsonResponseTester"/>
  <testcase name="pageName" time="0.003" classname="example.JsonResponseTester"/>
  <testcase name="testEasy" time="4.373" classname="example.NewTest"/>
</testsuite> <!-- Default test -->
