<?xml version="1.0" encoding="UTF-8"?>
<testng-results skipped="0" failed="0" ignored="0" total="2" passed="2">
  <reporter-output>
  </reporter-output>
  <suite name="Default suite" duration-ms="97" started-at="2021-08-28T18:16:38Z" finished-at="2021-08-28T18:16:39Z">
    <groups>
    </groups>
    <test name="Default test" duration-ms="97" started-at="2021-08-28T18:16:38Z" finished-at="2021-08-28T18:16:39Z">
      <class name="example.JsonResponseTester">
        <test-method status="PASS" signature="beforeTest()[pri:0, instance:example.JsonResponseTester@23282c25]" name="beforeTest" is-config="true" duration-ms="29" started-at="2021-08-28T23:46:38Z" finished-at="2021-08-28T23:46:39Z">
          <reporter-output>
          </reporter-output>
        </test-method> <!-- beforeTest -->
        <test-method status="PASS" signature="PersonWhoPosted()[pri:0, instance:example.JsonResponseTester@23282c25]" name="PersonWhoPosted" duration-ms="11" started-at="2021-08-28T23:46:39Z" finished-at="2021-08-28T23:46:39Z">
          <reporter-output>
          </reporter-output>
        </test-method> <!-- PersonWhoPosted -->
        <test-method status="PASS" signature="pageName()[pri:0, instance:example.JsonResponseTester@23282c25]" name="pageName" duration-ms="5" started-at="2021-08-28T23:46:39Z" finished-at="2021-08-28T23:46:39Z">
          <reporter-output>
          </reporter-output>
        </test-method> <!-- pageName -->
      </class> <!-- example.JsonResponseTester -->
    </test> <!-- Default test -->
  </suite> <!-- Default suite -->
</testng-results>
