<?xml version="1.0" encoding="UTF-8"?>
<testng-results skipped="0" failed="0" ignored="0" total="3" passed="3">
  <reporter-output>
  </reporter-output>
  <suite name="Default suite" duration-ms="10191" started-at="2021-08-29T12:28:19Z" finished-at="2021-08-29T12:28:29Z">
    <groups>
    </groups>
    <test name="Default test" duration-ms="10191" started-at="2021-08-29T12:28:19Z" finished-at="2021-08-29T12:28:29Z">
      <class name="example.JsonResponseTester">
        <test-method status="PASS" signature="beforeTest()[pri:0, instance:example.JsonResponseTester@6646153]" name="beforeTest" is-config="true" duration-ms="70" started-at="2021-08-29T17:58:19Z" finished-at="2021-08-29T17:58:19Z">
          <reporter-output>
          </reporter-output>
        </test-method> <!-- beforeTest -->
        <test-method status="PASS" signature="beforeTest()[pri:0, instance:example.NewTest@21507a04]" name="beforeTest" is-config="true" duration-ms="5254" started-at="2021-08-29T17:58:19Z" finished-at="2021-08-29T17:58:24Z">
          <reporter-output>
          </reporter-output>
        </test-method> <!-- beforeTest -->
        <test-method status="PASS" signature="PersonWhoPosted()[pri:0, instance:example.JsonResponseTester@6646153]" name="PersonWhoPosted" duration-ms="13" started-at="2021-08-29T17:58:24Z" finished-at="2021-08-29T17:58:24Z">
          <reporter-output>
          </reporter-output>
        </test-method> <!-- PersonWhoPosted -->
        <test-method status="PASS" signature="pageName()[pri:0, instance:example.JsonResponseTester@6646153]" name="pageName" duration-ms="3" started-at="2021-08-29T17:58:24Z" finished-at="2021-08-29T17:58:24Z">
          <reporter-output>
          </reporter-output>
        </test-method> <!-- pageName -->
      </class> <!-- example.JsonResponseTester -->
      <class name="example.NewTest">
        <test-method status="PASS" signature="testEasy()[pri:0, instance:example.NewTest@21507a04]" name="testEasy" duration-ms="4373" started-at="2021-08-29T17:58:24Z" finished-at="2021-08-29T17:58:29Z">
          <reporter-output>
          </reporter-output>
        </test-method> <!-- testEasy -->
        <test-method status="PASS" signature="afterTest()[pri:0, instance:example.NewTest@21507a04]" name="afterTest" is-config="true" duration-ms="400" started-at="2021-08-29T17:58:29Z" finished-at="2021-08-29T17:58:29Z">
          <reporter-output>
          </reporter-output>
        </test-method> <!-- afterTest -->
      </class> <!-- example.NewTest -->
    </test> <!-- Default test -->
  </suite> <!-- Default suite -->
</testng-results>
