<?xml version="1.0" encoding="UTF-8"?>
<!-- Generated by org.testng.reporters.JUnitReportReporter -->
<testsuite name="example.JsonResponseTester" tests="2" time="0.016" ignored="0" failures="0" timestamp="28 Aug 2021 18:16:39 GMT" skipped="0" hostname="DESKTOP-EN20GK5" errors="0">
  <testcase name="PersonWhoPosted" time="0.011" classname="example.JsonResponseTester"/>
  <testcase name="pageName" time="0.005" classname="example.JsonResponseTester"/>
</testsuite> <!-- example.JsonResponseTester -->
